\BOOKMARK [0][-]{chapter*.1}{Remerciement}{}% 1
\BOOKMARK [0][-]{chapter*.5}{Introduction}{}% 2
\BOOKMARK [0][-]{chapter.1}{Pr\351sentation de la probl\351matique li\351e \340 la r\351solution des probl\350mes}{}% 3
\BOOKMARK [1][-]{section.1.1}{Introduction}{chapter.1}% 4
\BOOKMARK [1][-]{section.1.2}{Pr\351sentation du contexte du site web Ensias Solvely }{chapter.1}% 5
\BOOKMARK [1][-]{section.1.3}{Analyse des besoins}{chapter.1}% 6
\BOOKMARK [2][-]{subsection.1.3.1}{Identification des acteurs }{section.1.3}% 7
\BOOKMARK [2][-]{subsection.1.3.2}{Besoins fonctionnels }{section.1.3}% 8
\BOOKMARK [1][-]{section.1.4}{Processus de d\351veloppement }{chapter.1}% 9
\BOOKMARK [2][-]{subsection.1.4.1}{Le mod\350le de d\351veloppement choisi }{section.1.4}% 10
\BOOKMARK [2][-]{subsection.1.4.2}{Planning pr\351visionnel}{section.1.4}% 11
\BOOKMARK [1][-]{section.1.5}{Conclusion}{chapter.1}% 12
\BOOKMARK [0][-]{chapter.2}{Analyse et conception}{}% 13
\BOOKMARK [1][-]{section.2.1}{Introduction}{chapter.2}% 14
\BOOKMARK [1][-]{section.2.2}{Langage de conception }{chapter.2}% 15
\BOOKMARK [2][-]{subsection.2.2.1}{Pr\351sentation d\220UML }{section.2.2}% 16
\BOOKMARK [2][-]{subsection.2.2.2}{Avantages d\220UML }{section.2.2}% 17
\BOOKMARK [1][-]{section.2.3}{Mod\351lisation et sp\351cification Fonctionnelles }{chapter.2}% 18
\BOOKMARK [2][-]{subsection.2.3.1}{Diagrammes Cas d\220utilisation }{section.2.3}% 19
\BOOKMARK [2][-]{subsection.2.3.2}{C\364t\351 \351l\350ve }{section.2.3}% 20
\BOOKMARK [2][-]{subsection.2.3.3}{C\364t\351 comit\351 }{section.2.3}% 21
\BOOKMARK [1][-]{section.2.4}{Conception}{chapter.2}% 22
\BOOKMARK [0][-]{chapter.3}{Cr\351ation de la base de donn\351es}{}% 23
\BOOKMARK [1][-]{section.3.1}{Introduction}{chapter.3}% 24
\BOOKMARK [1][-]{section.3.2}{Diagramme de classe}{chapter.3}% 25
\BOOKMARK [1][-]{section.3.3}{Tables de la base de donn\351es}{chapter.3}% 26
\BOOKMARK [1][-]{section.3.4}{Conclusion }{chapter.3}% 27
\BOOKMARK [0][-]{chapter.4}{R\351alisation}{}% 28
\BOOKMARK [1][-]{section.4.1}{Introduction}{chapter.4}% 29
\BOOKMARK [1][-]{section.4.2}{Environnement Logiciel }{chapter.4}% 30
\BOOKMARK [1][-]{section.4.3}{Technologies utilis\351es }{chapter.4}% 31
\BOOKMARK [1][-]{section.4.4}{Architecture de l\220application }{chapter.4}% 32
\BOOKMARK [2][-]{subsection.4.4.1}{Client / Serveur }{section.4.4}% 33
\BOOKMARK [2][-]{subsection.4.4.2}{Architecture MVC }{section.4.4}% 34
\BOOKMARK [1][-]{section.4.5}{Conclusion}{chapter.4}% 35
\BOOKMARK [0][-]{chapter*.17}{Webographie}{}% 36
\BOOKMARK [0][-]{chapter*.18}{Conclusion g\351n\351rale}{}% 37
